2020-10-21 15:34:39,225 - INFO - Processing Data...
2020-10-21 15:34:52,051 - INFO - OUTPUT_CHECK_SUCCESS=Column names agree.
2020-10-21 15:34:52,054 - INFO - OUTPUT_CHECK_SUCCESS=No Duplicate who_id.
2020-10-21 15:34:52,057 - INFO - OUTPUT_CHECK_SUCCESS=No Duplicate prev_measure_number.
2020-10-21 15:34:52,059 - INFO - OUTPUT_CHECK_SUCCESS=No Duplicate following_measure_number.
2020-10-21 15:34:52,067 - INFO - OUTPUT_CHECK_SUCCESS=No unexpected values in admin_level.
2020-10-21 15:34:52,069 - INFO - OUTPUT_CHECK_SUCCESS=No unexpected values in enforcement.
2020-10-21 15:34:52,070 - INFO - OUTPUT_CHECK_SUCCESS=No unexpected values in keep.
2020-10-21 15:34:52,072 - INFO - OUTPUT_CHECK_SUCCESS=No unexpected values in link_eng.
2020-10-21 15:34:52,074 - INFO - OUTPUT_CHECK_SUCCESS=No unexpected values in measure_stage.
2020-10-21 15:34:52,076 - ERROR - OUTPUT_CHECK_FAILURE=Unexpected values in non_compliance_penalty: nan.
2020-10-21 15:34:52,077 - INFO - OUTPUT_CHECK_SUCCESS=No unexpected values in processed.
2020-10-21 15:34:52,079 - INFO - OUTPUT_CHECK_SUCCESS=No unexpected values in reason_ended.
2020-10-21 15:34:52,083 - INFO - OUTPUT_CHECK_SUCCESS=No unknown values in iso_3166_1_numeric.
2020-10-21 15:34:52,085 - INFO - OUTPUT_CHECK_SUCCESS=No unknown values in who_region.
2020-10-21 15:34:52,087 - INFO - OUTPUT_CHECK_SUCCESS=No unknown values in country_territory_area.
2020-10-21 15:34:52,089 - INFO - OUTPUT_CHECK_SUCCESS=No unknown values in who_code.
2020-10-21 15:34:52,091 - INFO - OUTPUT_CHECK_SUCCESS=No unknown values in who_measure.
2020-10-21 15:34:52,093 - INFO - OUTPUT_CHECK_SUCCESS=No unknown values in who_subcategory.
2020-10-21 15:34:52,095 - INFO - OUTPUT_CHECK_SUCCESS=No unknown values in who_category.
2020-10-21 15:34:52,247 - INFO - Success.
