action: py38, msg: getenv
cwd: /Users/hamishgibbs/Documents/Covid-19/WHO_PHSM_Cleaning
cmd: /Users/hamishgibbs/Documents/Covid-19/WHO_PHSM_Cleaning/.tox/py38/bin/python -m pip install pytest pandas
Collecting pytest
  Using cached pytest-6.1.1-py3-none-any.whl (272 kB)
Collecting pandas
  Using cached pandas-1.1.3-cp38-cp38-macosx_10_9_x86_64.whl (10.1 MB)
Collecting pluggy<1.0,>=0.12
  Using cached pluggy-0.13.1-py2.py3-none-any.whl (18 kB)
Collecting iniconfig
  Using cached iniconfig-1.0.1-py3-none-any.whl (4.2 kB)
Collecting toml
  Using cached toml-0.10.1-py2.py3-none-any.whl (19 kB)
Collecting packaging
  Using cached packaging-20.4-py2.py3-none-any.whl (37 kB)
Collecting py>=1.8.2
  Using cached py-1.9.0-py2.py3-none-any.whl (99 kB)
Collecting attrs>=17.4.0
  Using cached attrs-20.2.0-py2.py3-none-any.whl (48 kB)
Collecting python-dateutil>=2.7.3
  Using cached python_dateutil-2.8.1-py2.py3-none-any.whl (227 kB)
Collecting pytz>=2017.2
  Using cached pytz-2020.1-py2.py3-none-any.whl (510 kB)
Collecting numpy>=1.15.4
  Using cached numpy-1.19.2-cp38-cp38-macosx_10_9_x86_64.whl (15.3 MB)
Collecting pyparsing>=2.0.2
  Using cached pyparsing-2.4.7-py2.py3-none-any.whl (67 kB)
Collecting six
  Using cached six-1.15.0-py2.py3-none-any.whl (10 kB)
Installing collected packages: pluggy, iniconfig, toml, pyparsing, six, packaging, py, attrs, pytest, python-dateutil, pytz, numpy, pandas
Successfully installed attrs-20.2.0 iniconfig-1.0.1 numpy-1.19.2 packaging-20.4 pandas-1.1.3 pluggy-0.13.1 py-1.9.0 pyparsing-2.4.7 pytest-6.1.1 python-dateutil-2.8.1 pytz-2020.1 six-1.15.0 toml-0.10.1
WARNING: You are using pip version 20.1.1; however, version 20.2.3 is available.
You should consider upgrading via the '/Users/hamishgibbs/Documents/Covid-19/WHO_PHSM_Cleaning/.tox/py38/bin/python -m pip install --upgrade pip' command.
