action: GLOB, msg: packaging
cwd: /usr/who_clean
cmd: /usr/local/bin/python setup.py sdist --formats=zip --dist-dir .tox/dist
running sdist
running egg_info
creating src.egg-info
writing src.egg-info/PKG-INFO
writing dependency_links to src.egg-info/dependency_links.txt
writing top-level names to src.egg-info/top_level.txt
writing manifest file 'src.egg-info/SOURCES.txt'
reading manifest file 'src.egg-info/SOURCES.txt'
writing manifest file 'src.egg-info/SOURCES.txt'
running check
warning: check: missing required meta-data: url

warning: check: missing meta-data: if 'author' supplied, 'author_email' must be supplied too

creating src-0.0.1
creating src-0.0.1/src
creating src-0.0.1/src.egg-info
copying files to src-0.0.1...
copying README.md -> src-0.0.1
copying setup.py -> src-0.0.1
copying src/__init__.py -> src-0.0.1/src
copying src/add.py -> src-0.0.1/src
copying src/test.py -> src-0.0.1/src
copying src.egg-info/PKG-INFO -> src-0.0.1/src.egg-info
copying src.egg-info/SOURCES.txt -> src-0.0.1/src.egg-info
copying src.egg-info/dependency_links.txt -> src-0.0.1/src.egg-info
copying src.egg-info/top_level.txt -> src-0.0.1/src.egg-info
Writing src-0.0.1/setup.cfg
creating '.tox/dist/src-0.0.1.zip' and adding 'src-0.0.1' to it
adding 'src-0.0.1'
adding 'src-0.0.1/src'
adding 'src-0.0.1/src.egg-info'
adding 'src-0.0.1/PKG-INFO'
adding 'src-0.0.1/README.md'
adding 'src-0.0.1/setup.cfg'
adding 'src-0.0.1/setup.py'
adding 'src-0.0.1/src/__init__.py'
adding 'src-0.0.1/src/add.py'
adding 'src-0.0.1/src/test.py'
adding 'src-0.0.1/src.egg-info/PKG-INFO'
adding 'src-0.0.1/src.egg-info/SOURCES.txt'
adding 'src-0.0.1/src.egg-info/dependency_links.txt'
adding 'src-0.0.1/src.egg-info/top_level.txt'
removing 'src-0.0.1' (and everything under it)
